<?xml version="1.0" encoding="UTF-8"?>
<!-- Generated by org.testng.reporters.JUnitReportReporter -->
<testsuite hostname="DESKTOP-KNVC375" failures="0" tests="1" name="sampleTest2.TestSample" time="48.639" errors="1" timestamp="01 Jan 2019 13:24:43 GMT" skipped="0">
  <testcase classname="sampleTest2.TestSample" name="sample" time="48.639">
    <error message="Failed to connect to binary FirefoxBinary(C:\Program Files (x86)\Mozilla Firefox\firefox.exe) on port 7055; process output follows: 
ons.xpi	INFO	Mapping shield-recipe-client@mozilla.org to C:\Program Files (x86)\Mozilla Firefox\browser\features\shield-recipe-client@mozilla.org.xpi
1546348993814	addons.xpi	INFO	Mapping webcompat@mozilla.org to C:\Program Files (x86)\Mozilla Firefox\browser\features\webcompat@mozilla.org.xpi
1546348993814	addons.xpi	DEBUG	Existing add-on activity-stream@mozilla.org in app-system-defaults
1546348993815	addons.xpi	DEBUG	Existing add-on aushelper@mozilla.org in app-system-defaults
1546348993815	addons.xpi	DEBUG	Existing add-on e10srollout@mozilla.org in app-system-defaults
1546348993816	addons.xpi	DEBUG	Existing add-on firefox@getpocket.com in app-system-defaults
1546348993816	addons.xpi	DEBUG	Existing add-on followonsearch@mozilla.com in app-system-defaults
1546348993817	addons.xpi	DEBUG	Existing add-on formautofill@mozilla.org in app-system-defaults
1546348993817	addons.xpi	DEBUG	Existing add-on onboarding@mozilla.org in app-system-defaults
1546348993818	addons.xpi	DEBUG	Existing add-on screenshots@mozilla.org in app-system-defaults
1546348993818	addons.xpi	DEBUG	Existing add-on shield-recipe-client@mozilla.org in app-system-defaults
1546348993819	addons.xpi	DEBUG	Existing add-on webcompat@mozilla.org in app-system-defaults
1546348993820	addons.xpi	INFO	Mapping {972ce4c6-7e08-4474-a285-3208198ce6fd} to C:\Program Files (x86)\Mozilla Firefox\browser\extensions\{972ce4c6-7e08-4474-a285-3208198ce6fd}.xpi
1546348993820	addons.xpi	DEBUG	Existing add-on {972ce4c6-7e08-4474-a285-3208198ce6fd} in app-global
1546348993820	addons.xpi	DEBUG	getInstallState changed: false, state: {}
Unable to read VR Path Registry from C:\Users\Nihith\AppData\Local\openvr\openvrpaths.vrpath
1546348998584	DeferredSave.webext.sc.lz4	DEBUG	Starting write
1546348998590	DeferredSave.webext.sc.lz4	DEBUG	Write succeeded
1546349008188	addons.xpi	DEBUG	Calling bootstrap method shutdown on webcompat@mozilla.org version 1.1
1546349008189	addons.xpi	DEBUG	Calling bootstrap method shutdown on shield-recipe-client@mozilla.org version 76.1
1546349008191	addons.xpi	DEBUG	Calling bootstrap method shutdown on screenshots@mozilla.org version 19.2.0
1546349008199	addons.xpi	DEBUG	Calling bootstrap method shutdown on onboarding@mozilla.org version 1.0
1546349008200	addons.xpi	DEBUG	Calling bootstrap method shutdown on formautofill@mozilla.org version 1.0
1546349008200	addons.xpi	DEBUG	Calling bootstrap method shutdown on followonsearch@mozilla.com version 0.9.6
1546349008201	addons.xpi	DEBUG	Calling bootstrap method shutdown on firefox@getpocket.com version 1.0.5
1546349008202	addons.xpi	DEBUG	Calling bootstrap method shutdown on e10srollout@mozilla.org version 3.05
1546349008202	addons.xpi	DEBUG	Calling bootstrap method shutdown on aushelper@mozilla.org version 2.0
1546349008203	addons.xpi	DEBUG	Calling bootstrap method shutdown on activity-stream@mozilla.org version 2017.11.07.1100-7f4e3634
[Parent 6320, Gecko_IOThread] WARNING: pipe error: 109: file z:/build/build/src/ipc/chromium/src/chrome/common/ipc_channel_win.cc, line 346
[Child 15188, Chrome_ChildThread] WARNING: pipe error: 109: file z:/build/build/src/ipc/chromium/src/chrome/common/ipc_channel_win.cc, line 346
[Child 15188, Chrome_ChildThread] WA1546349008319	addons.manager	DEBUG	shutdown
1546349008319	addons.manager	DEBUG	Calling shutdown blocker for XPIProvider
1546349008319	addons.xpi	DEBUG	shutdown
1546349008320	addons.xpi-utils	DEBUG	shutdown
1546349008320	addons.manager	DEBUG	Calling shutdown blocker for LightweightThemeManager
1546349008320	addons.manager	DEBUG	Calling shutdown blocker for GMPProvider
1546349008320	addons.manager	DEBUG	Calling shutdown blocker for PluginProvider
1546349008320	addons.manager	DEBUG	Calling shutdown blocker for PreviousExperimentProvider
1546349008325	addons.manager	DEBUG	Async provider shutdown done
*** UTM:SVC TimerManager:registerTimer called after profile-before-change notification. Ignoring timer registration for id: telemetry_modules_ping

###!!! [Child][MessageChannel::SendAndWait] Error: Channel error: cannot send/recv


Build info: version: &#039;2.53.1&#039;, revision: &#039;a36b8b1cd5757287168e54b817830adce9b0158d&#039;, time: &#039;2016-06-30 19:26:09&#039;
System info: host: &#039;DESKTOP-KNVC375&#039;, ip: &#039;192.168.43.187&#039;, os.name: &#039;Windows 10&#039;, os.arch: &#039;amd64&#039;, os.version: &#039;10.0&#039;, java.version: &#039;10.0.2&#039;
Driver info: driver.version: FirefoxDriver" type="org.openqa.selenium.WebDriverException">
      <![CDATA[org.openqa.selenium.WebDriverException: Failed to connect to binary FirefoxBinary(C:\Program Files (x86)\Mozilla Firefox\firefox.exe) on port 7055; process output follows: 
ons.xpi	INFO	Mapping shield-recipe-client@mozilla.org to C:\Program Files (x86)\Mozilla Firefox\browser\features\shield-recipe-client@mozilla.org.xpi
1546348993814	addons.xpi	INFO	Mapping webcompat@mozilla.org to C:\Program Files (x86)\Mozilla Firefox\browser\features\webcompat@mozilla.org.xpi
1546348993814	addons.xpi	DEBUG	Existing add-on activity-stream@mozilla.org in app-system-defaults
1546348993815	addons.xpi	DEBUG	Existing add-on aushelper@mozilla.org in app-system-defaults
1546348993815	addons.xpi	DEBUG	Existing add-on e10srollout@mozilla.org in app-system-defaults
1546348993816	addons.xpi	DEBUG	Existing add-on firefox@getpocket.com in app-system-defaults
1546348993816	addons.xpi	DEBUG	Existing add-on followonsearch@mozilla.com in app-system-defaults
1546348993817	addons.xpi	DEBUG	Existing add-on formautofill@mozilla.org in app-system-defaults
1546348993817	addons.xpi	DEBUG	Existing add-on onboarding@mozilla.org in app-system-defaults
1546348993818	addons.xpi	DEBUG	Existing add-on screenshots@mozilla.org in app-system-defaults
1546348993818	addons.xpi	DEBUG	Existing add-on shield-recipe-client@mozilla.org in app-system-defaults
1546348993819	addons.xpi	DEBUG	Existing add-on webcompat@mozilla.org in app-system-defaults
1546348993820	addons.xpi	INFO	Mapping {972ce4c6-7e08-4474-a285-3208198ce6fd} to C:\Program Files (x86)\Mozilla Firefox\browser\extensions\{972ce4c6-7e08-4474-a285-3208198ce6fd}.xpi
1546348993820	addons.xpi	DEBUG	Existing add-on {972ce4c6-7e08-4474-a285-3208198ce6fd} in app-global
1546348993820	addons.xpi	DEBUG	getInstallState changed: false, state: {}
Unable to read VR Path Registry from C:\Users\Nihith\AppData\Local\openvr\openvrpaths.vrpath
1546348998584	DeferredSave.webext.sc.lz4	DEBUG	Starting write
1546348998590	DeferredSave.webext.sc.lz4	DEBUG	Write succeeded
1546349008188	addons.xpi	DEBUG	Calling bootstrap method shutdown on webcompat@mozilla.org version 1.1
1546349008189	addons.xpi	DEBUG	Calling bootstrap method shutdown on shield-recipe-client@mozilla.org version 76.1
1546349008191	addons.xpi	DEBUG	Calling bootstrap method shutdown on screenshots@mozilla.org version 19.2.0
1546349008199	addons.xpi	DEBUG	Calling bootstrap method shutdown on onboarding@mozilla.org version 1.0
1546349008200	addons.xpi	DEBUG	Calling bootstrap method shutdown on formautofill@mozilla.org version 1.0
1546349008200	addons.xpi	DEBUG	Calling bootstrap method shutdown on followonsearch@mozilla.com version 0.9.6
1546349008201	addons.xpi	DEBUG	Calling bootstrap method shutdown on firefox@getpocket.com version 1.0.5
1546349008202	addons.xpi	DEBUG	Calling bootstrap method shutdown on e10srollout@mozilla.org version 3.05
1546349008202	addons.xpi	DEBUG	Calling bootstrap method shutdown on aushelper@mozilla.org version 2.0
1546349008203	addons.xpi	DEBUG	Calling bootstrap method shutdown on activity-stream@mozilla.org version 2017.11.07.1100-7f4e3634
[Parent 6320, Gecko_IOThread] WARNING: pipe error: 109: file z:/build/build/src/ipc/chromium/src/chrome/common/ipc_channel_win.cc, line 346
[Child 15188, Chrome_ChildThread] WARNING: pipe error: 109: file z:/build/build/src/ipc/chromium/src/chrome/common/ipc_channel_win.cc, line 346
[Child 15188, Chrome_ChildThread] WA1546349008319	addons.manager	DEBUG	shutdown
1546349008319	addons.manager	DEBUG	Calling shutdown blocker for XPIProvider
1546349008319	addons.xpi	DEBUG	shutdown
1546349008320	addons.xpi-utils	DEBUG	shutdown
1546349008320	addons.manager	DEBUG	Calling shutdown blocker for LightweightThemeManager
1546349008320	addons.manager	DEBUG	Calling shutdown blocker for GMPProvider
1546349008320	addons.manager	DEBUG	Calling shutdown blocker for PluginProvider
1546349008320	addons.manager	DEBUG	Calling shutdown blocker for PreviousExperimentProvider
1546349008325	addons.manager	DEBUG	Async provider shutdown done
*** UTM:SVC TimerManager:registerTimer called after profile-before-change notification. Ignoring timer registration for id: telemetry_modules_ping

###!!! [Child][MessageChannel::SendAndWait] Error: Channel error: cannot send/recv


Build info: version: '2.53.1', revision: 'a36b8b1cd5757287168e54b817830adce9b0158d', time: '2016-06-30 19:26:09'
System info: host: 'DESKTOP-KNVC375', ip: '192.168.43.187', os.name: 'Windows 10', os.arch: 'amd64', os.version: '10.0', java.version: '10.0.2'
Driver info: driver.version: FirefoxDriver
	at org.openqa.selenium.firefox.internal.NewProfileExtensionConnection.start(NewProfileExtensionConnection.java:125)
	at org.openqa.selenium.firefox.FirefoxDriver.startClient(FirefoxDriver.java:271)
	at org.openqa.selenium.remote.RemoteWebDriver.<init>(RemoteWebDriver.java:119)
	at org.openqa.selenium.firefox.FirefoxDriver.<init>(FirefoxDriver.java:216)
	at org.openqa.selenium.firefox.FirefoxDriver.<init>(FirefoxDriver.java:211)
	at org.openqa.selenium.firefox.FirefoxDriver.<init>(FirefoxDriver.java:207)
	at org.openqa.selenium.firefox.FirefoxDriver.<init>(FirefoxDriver.java:120)
	at sampleTest2.TestSample.sample(TestSample.java:19)
	at java.base/jdk.internal.reflect.NativeMethodAccessorImpl.invoke0(Native Method)
	at java.base/jdk.internal.reflect.NativeMethodAccessorImpl.invoke(NativeMethodAccessorImpl.java:62)
	at java.base/jdk.internal.reflect.DelegatingMethodAccessorImpl.invoke(DelegatingMethodAccessorImpl.java:43)
	at java.base/java.lang.reflect.Method.invoke(Method.java:564)
	at org.testng.internal.MethodInvocationHelper.invokeMethod(MethodInvocationHelper.java:108)
	at org.testng.internal.Invoker.invokeMethod(Invoker.java:661)
	at org.testng.internal.Invoker.invokeTestMethod(Invoker.java:869)
	at org.testng.internal.Invoker.invokeTestMethods(Invoker.java:1193)
	at org.testng.internal.TestMethodWorker.invokeTestMethods(TestMethodWorker.java:126)
	at org.testng.internal.TestMethodWorker.run(TestMethodWorker.java:109)
	at org.testng.TestRunner.privateRun(TestRunner.java:744)
	at org.testng.TestRunner.run(TestRunner.java:602)
	at org.testng.SuiteRunner.runTest(SuiteRunner.java:380)
	at org.testng.SuiteRunner.runSequentially(SuiteRunner.java:375)
	at org.testng.SuiteRunner.privateRun(SuiteRunner.java:340)
	at org.testng.SuiteRunner.run(SuiteRunner.java:289)
	at org.testng.SuiteRunnerWorker.runSuite(SuiteRunnerWorker.java:52)
	at org.testng.SuiteRunnerWorker.run(SuiteRunnerWorker.java:86)
	at org.testng.TestNG.runSuitesSequentially(TestNG.java:1301)
	at org.testng.TestNG.runSuitesLocally(TestNG.java:1226)
	at org.testng.TestNG.runSuites(TestNG.java:1144)
	at org.testng.TestNG.run(TestNG.java:1115)
	at org.apache.maven.surefire.testng.TestNGExecutor.run(TestNGExecutor.java:295)
	at org.apache.maven.surefire.testng.TestNGXmlTestSuite.execute(TestNGXmlTestSuite.java:84)
	at org.apache.maven.surefire.testng.TestNGProvider.invoke(TestNGProvider.java:90)
	at org.apache.maven.surefire.booter.ForkedBooter.invokeProviderInSameClassLoader(ForkedBooter.java:203)
	at org.apache.maven.surefire.booter.ForkedBooter.runSuitesInProcess(ForkedBooter.java:155)
	at org.apache.maven.surefire.booter.ForkedBooter.main(ForkedBooter.java:103)
Caused by: org.openqa.selenium.firefox.NotConnectedException: Unable to connect to host 127.0.0.1 on port 7055 after 45000 ms. Firefox console output:
ons.xpi	INFO	Mapping shield-recipe-client@mozilla.org to C:\Program Files (x86)\Mozilla Firefox\browser\features\shield-recipe-client@mozilla.org.xpi
1546348993814	addons.xpi	INFO	Mapping webcompat@mozilla.org to C:\Program Files (x86)\Mozilla Firefox\browser\features\webcompat@mozilla.org.xpi
1546348993814	addons.xpi	DEBUG	Existing add-on activity-stream@mozilla.org in app-system-defaults
1546348993815	addons.xpi	DEBUG	Existing add-on aushelper@mozilla.org in app-system-defaults
1546348993815	addons.xpi	DEBUG	Existing add-on e10srollout@mozilla.org in app-system-defaults
1546348993816	addons.xpi	DEBUG	Existing add-on firefox@getpocket.com in app-system-defaults
1546348993816	addons.xpi	DEBUG	Existing add-on followonsearch@mozilla.com in app-system-defaults
1546348993817	addons.xpi	DEBUG	Existing add-on formautofill@mozilla.org in app-system-defaults
1546348993817	addons.xpi	DEBUG	Existing add-on onboarding@mozilla.org in app-system-defaults
1546348993818	addons.xpi	DEBUG	Existing add-on screenshots@mozilla.org in app-system-defaults
1546348993818	addons.xpi	DEBUG	Existing add-on shield-recipe-client@mozilla.org in app-system-defaults
1546348993819	addons.xpi	DEBUG	Existing add-on webcompat@mozilla.org in app-system-defaults
1546348993820	addons.xpi	INFO	Mapping {972ce4c6-7e08-4474-a285-3208198ce6fd} to C:\Program Files (x86)\Mozilla Firefox\browser\extensions\{972ce4c6-7e08-4474-a285-3208198ce6fd}.xpi
1546348993820	addons.xpi	DEBUG	Existing add-on {972ce4c6-7e08-4474-a285-3208198ce6fd} in app-global
1546348993820	addons.xpi	DEBUG	getInstallState changed: false, state: {}
Unable to read VR Path Registry from C:\Users\Nihith\AppData\Local\openvr\openvrpaths.vrpath
1546348998584	DeferredSave.webext.sc.lz4	DEBUG	Starting write
1546348998590	DeferredSave.webext.sc.lz4	DEBUG	Write succeeded
1546349008188	addons.xpi	DEBUG	Calling bootstrap method shutdown on webcompat@mozilla.org version 1.1
1546349008189	addons.xpi	DEBUG	Calling bootstrap method shutdown on shield-recipe-client@mozilla.org version 76.1
1546349008191	addons.xpi	DEBUG	Calling bootstrap method shutdown on screenshots@mozilla.org version 19.2.0
1546349008199	addons.xpi	DEBUG	Calling bootstrap method shutdown on onboarding@mozilla.org version 1.0
1546349008200	addons.xpi	DEBUG	Calling bootstrap method shutdown on formautofill@mozilla.org version 1.0
1546349008200	addons.xpi	DEBUG	Calling bootstrap method shutdown on followonsearch@mozilla.com version 0.9.6
1546349008201	addons.xpi	DEBUG	Calling bootstrap method shutdown on firefox@getpocket.com version 1.0.5
1546349008202	addons.xpi	DEBUG	Calling bootstrap method shutdown on e10srollout@mozilla.org version 3.05
1546349008202	addons.xpi	DEBUG	Calling bootstrap method shutdown on aushelper@mozilla.org version 2.0
1546349008203	addons.xpi	DEBUG	Calling bootstrap method shutdown on activity-stream@mozilla.org version 2017.11.07.1100-7f4e3634
[Parent 6320, Gecko_IOThread] WARNING: pipe error: 109: file z:/build/build/src/ipc/chromium/src/chrome/common/ipc_channel_win.cc, line 346
[Child 15188, Chrome_ChildThread] WARNING: pipe error: 109: file z:/build/build/src/ipc/chromium/src/chrome/common/ipc_channel_win.cc, line 346
[Child 15188, Chrome_ChildThread] WA1546349008319	addons.manager	DEBUG	shutdown
1546349008319	addons.manager	DEBUG	Calling shutdown blocker for XPIProvider
1546349008319	addons.xpi	DEBUG	shutdown
1546349008320	addons.xpi-utils	DEBUG	shutdown
1546349008320	addons.manager	DEBUG	Calling shutdown blocker for LightweightThemeManager
1546349008320	addons.manager	DEBUG	Calling shutdown blocker for GMPProvider
1546349008320	addons.manager	DEBUG	Calling shutdown blocker for PluginProvider
1546349008320	addons.manager	DEBUG	Calling shutdown blocker for PreviousExperimentProvider
1546349008325	addons.manager	DEBUG	Async provider shutdown done
*** UTM:SVC TimerManager:registerTimer called after profile-before-change notification. Ignoring timer registration for id: telemetry_modules_ping

###!!! [Child][MessageChannel::SendAndWait] Error: Channel error: cannot send/recv


	at org.openqa.selenium.firefox.internal.NewProfileExtensionConnection.start(NewProfileExtensionConnection.java:113)
	... 35 more
]]>
    </error>
  </testcase> <!-- sample -->
</testsuite> <!-- sampleTest2.TestSample -->
